<?xml version="1.0" encoding="UTF-8"?>
<!-- Generated by org.testng.reporters.JUnitXMLReporter -->
<testsuite ignored="1" hostname="LAPTOP-NK4S4G29" failures="0" tests="2" name="GRP-sanity" time="5.698" errors="0" timestamp="2022-06-12T08:21:41 IST">
  <testcase classname="TestCases.loginTestCases" name="isLoginElementDisplayedTest" time="0.073"/>
  <testcase classname="TestCases.loginTestCases" name="isTitleDisplayedTest" time="0.0"/>
  <testcase classname="TestCases.loginTestCases" name="loginZerodhaTest" time="0.0">
    <ignored/>
  </testcase> <!-- loginZerodhaTest -->
</testsuite> <!-- GRP-sanity -->
